Performing C SOURCE FILE Test CMAKE_HAVE_LIBC_PTHREAD failed with the following output:
Change Dir: /home/cuiyd/workspace/milan_OS5/QuickJS/myPrj/build/CMakeFiles/CMakeTmp

Run Build Command(s):/usr/bin/make cmTC_a6a36/fast && /usr/bin/make -f CMakeFiles/cmTC_a6a36.dir/build.make CMakeFiles/cmTC_a6a36.dir/build
make[1]: Entering directory '/home/cuiyd/workspace/milan_OS5/QuickJS/myPrj/build/CMakeFiles/CMakeTmp'
Building C object CMakeFiles/cmTC_a6a36.dir/src.c.o
/usr/bin/cc   -D_GNU_SOURCE  -g -ggdb -std=gnu99 -DCMAKE_HAVE_LIBC_PTHREAD   -o CMakeFiles/cmTC_a6a36.dir/src.c.o   -c /home/cuiyd/workspace/milan_OS5/QuickJS/myPrj/build/CMakeFiles/CMakeTmp/src.c
Linking C executable cmTC_a6a36
/usr/bin/cmake -E cmake_link_script CMakeFiles/cmTC_a6a36.dir/link.txt --verbose=1
/usr/bin/cc  -D_GNU_SOURCE  -g -ggdb -std=gnu99 -DCMAKE_HAVE_LIBC_PTHREAD    CMakeFiles/cmTC_a6a36.dir/src.c.o  -o cmTC_a6a36 
/usr/bin/ld: CMakeFiles/cmTC_a6a36.dir/src.c.o: in function `main':
/home/cuiyd/workspace/milan_OS5/QuickJS/myPrj/build/CMakeFiles/CMakeTmp/src.c:11: undefined reference to `pthread_create'
/usr/bin/ld: /home/cuiyd/workspace/milan_OS5/QuickJS/myPrj/build/CMakeFiles/CMakeTmp/src.c:12: undefined reference to `pthread_detach'
/usr/bin/ld: /home/cuiyd/workspace/milan_OS5/QuickJS/myPrj/build/CMakeFiles/CMakeTmp/src.c:13: undefined reference to `pthread_join'
collect2: error: ld returned 1 exit status
make[1]: *** [CMakeFiles/cmTC_a6a36.dir/build.make:87: cmTC_a6a36] Error 1
make[1]: Leaving directory '/home/cuiyd/workspace/milan_OS5/QuickJS/myPrj/build/CMakeFiles/CMakeTmp'
make: *** [Makefile:121: cmTC_a6a36/fast] Error 2


Source file was:
#include <pthread.h>

void* test_func(void* data)
{
  return data;
}

int main(void)
{
  pthread_t thread;
  pthread_create(&thread, NULL, test_func, NULL);
  pthread_detach(thread);
  pthread_join(thread, NULL);
  pthread_atfork(NULL, NULL, NULL);
  pthread_exit(NULL);

  return 0;
}

Determining if the function pthread_create exists in the pthreads failed with the following output:
Change Dir: /home/cuiyd/workspace/milan_OS5/QuickJS/myPrj/build/CMakeFiles/CMakeTmp

Run Build Command(s):/usr/bin/make cmTC_2bd36/fast && /usr/bin/make -f CMakeFiles/cmTC_2bd36.dir/build.make CMakeFiles/cmTC_2bd36.dir/build
make[1]: Entering directory '/home/cuiyd/workspace/milan_OS5/QuickJS/myPrj/build/CMakeFiles/CMakeTmp'
Building C object CMakeFiles/cmTC_2bd36.dir/CheckFunctionExists.c.o
/usr/bin/cc   -D_GNU_SOURCE  -g -ggdb -std=gnu99 -DCHECK_FUNCTION_EXISTS=pthread_create   -o CMakeFiles/cmTC_2bd36.dir/CheckFunctionExists.c.o   -c /usr/share/cmake-3.16/Modules/CheckFunctionExists.c
Linking C executable cmTC_2bd36
/usr/bin/cmake -E cmake_link_script CMakeFiles/cmTC_2bd36.dir/link.txt --verbose=1
/usr/bin/cc  -D_GNU_SOURCE  -g -ggdb -std=gnu99 -DCHECK_FUNCTION_EXISTS=pthread_create    CMakeFiles/cmTC_2bd36.dir/CheckFunctionExists.c.o  -o cmTC_2bd36  -lpthreads 
/usr/bin/ld: cannot find -lpthreads
collect2: error: ld returned 1 exit status
make[1]: *** [CMakeFiles/cmTC_2bd36.dir/build.make:87: cmTC_2bd36] Error 1
make[1]: Leaving directory '/home/cuiyd/workspace/milan_OS5/QuickJS/myPrj/build/CMakeFiles/CMakeTmp'
make: *** [Makefile:121: cmTC_2bd36/fast] Error 2



